<?xml version="1.0" encoding="UTF-8"?>
<!-- Generated by org.testng.reporters.JUnitXMLReporter -->
<testsuite ignored="0" hostname="mohitparihar" failures="1" tests="1" name="Test" time="0.03" errors="0" timestamp="2021-11-08T18:42:17 IST">
  <testcase classname="com.SeleniumProject.tests.LoginTest" name="ValidLogin" time="0.0">
    <failure type="org.testng.TestNGException" message="
Cannot inject @Test annotated Method [ValidLogin] with [class java.lang.String].
For more information on native dependency injection please refer to https://testng.org/doc/documentation-main.html#native-dependency-injection">
      <![CDATA[org.testng.TestNGException: 
Cannot inject @Test annotated Method [ValidLogin] with [class java.lang.String].
For more information on native dependency injection please refer to https://testng.org/doc/documentation-main.html#native-dependency-injection
at java.base/java.util.ArrayList.forEach(ArrayList.java:1541)
... Removed 26 stack frames]]>
    </failure>
  </testcase> <!-- ValidLogin -->
</testsuite> <!-- Test -->
