<?xml version="1.0" encoding="UTF-8"?>
<!-- Generated by org.testng.reporters.JUnitXMLReporter -->
<testsuite ignored="6" hostname="mohitparihar" failures="0" tests="1" name="TestEdge" time="1.19" errors="0" timestamp="2022-02-04T14:58:00 IST">
  <testcase classname="com.SeleniumProject.tests.BaseTest" name="@BeforeMethod chooseDriver" time="1.177">
    <failure type="org.openqa.selenium.SessionNotCreatedException" message="session not created: This version of MSEdgeDriver only supports MSEdge version 95
Current browser version is 98.0.1108.43 with binary path C:\Program Files (x86)\Microsoft\Edge\Application\msedge.exe
Build info: version: &amp;apos;3.141.59&amp;apos;, revision: &amp;apos;e82be7d358&amp;apos;, time: &amp;apos;2018-11-14T08:17:03&amp;apos;
System info: host: &amp;apos;MOHITPARIHAR&amp;apos;, ip: &amp;apos;192.168.0.104&amp;apos;, os.name: &amp;apos;Windows 10&amp;apos;, os.arch: &amp;apos;amd64&amp;apos;, os.version: &amp;apos;10.0&amp;apos;, java.version: &amp;apos;11.0.12&amp;apos;
Driver info: driver.version: EdgeDriver
remote stacktrace: Backtrace:
	Microsoft::Applications::Events::EventProperty::EventProperty [0x00007FF750B6A532+448610]
	Microsoft::Applications::Events::EventProperty::to_string [0x00007FF7507970D3+951075]
	Microsoft::Applications::Events::EventProperty::to_string [0x00007FF7507C1591+1124321]
	Microsoft::Applications::Events::EventProperty::to_string [0x00007FF7507BDBB8+1109512]
	Microsoft::Applications::Events::EventProperty::to_string [0x00007FF7507B6D8A+1081306]
	Microsoft::Applications::Events::EventProperty::to_string [0x00007FF7507F20CC+1323804]
	Microsoft::Applications::Events::EventProperty::to_string [0x00007FF7507ED10F+1303391]
	Microsoft::Applications::Events::EventProperty::to_string [0x00007FF7507C33CF+1132063]
	Microsoft::Applications::Events::EventProperty::to_string [0x00007FF7507C44DF+1136431]
	Microsoft::Applications::Events::EventProperty::~EventProperty [0x00007FF75087C91D+14365]
	Microsoft::Applications::Events::EventProperty::to_string [0x00007FF75082DD65+1568693]
	Microsoft::Applications::Events::EventProperty::EventProperty [0x00007FF750A3AB59+2617]
	Microsoft::Applications::Events::EventProperty::to_string [0x00007FF75082ED2E+1572734]
	Microsoft::Applications::Events::EventProperty::EventProperty [0x00007FF750B0B898+60360]
	Microsoft::Applications::Events::EventProperty::EventProperty [0x00007FF750B0B0F4+58404]
	Microsoft::Applications::Events::EventProperty::EventProperty [0x00007FF750B0AF46+57974]
	Microsoft::Applications::Events::EventProperty::EventProperty [0x00007FF750B3B63C+256364]
	BaseThreadInitThunk [0x00007FFC7EE57034+20]
	RtlUserThreadStart [0x00007FFC7EFE2651+33]
">
      <![CDATA[org.openqa.selenium.SessionNotCreatedException: session not created: This version of MSEdgeDriver only supports MSEdge version 95
Current browser version is 98.0.1108.43 with binary path C:\Program Files (x86)\Microsoft\Edge\Application\msedge.exe
Build info: version: '3.141.59', revision: 'e82be7d358', time: '2018-11-14T08:17:03'
System info: host: 'MOHITPARIHAR', ip: '192.168.0.104', os.name: 'Windows 10', os.arch: 'amd64', os.version: '10.0', java.version: '11.0.12'
Driver info: driver.version: EdgeDriver
remote stacktrace: Backtrace:
Microsoft::Applications::Events::EventProperty::EventProperty [0x00007FF750B6A532+448610]
Microsoft::Applications::Events::EventProperty::to_string [0x00007FF7507970D3+951075]
Microsoft::Applications::Events::EventProperty::to_string [0x00007FF7507C1591+1124321]
Microsoft::Applications::Events::EventProperty::to_string [0x00007FF7507BDBB8+1109512]
Microsoft::Applications::Events::EventProperty::to_string [0x00007FF7507B6D8A+1081306]
Microsoft::Applications::Events::EventProperty::to_string [0x00007FF7507F20CC+1323804]
Microsoft::Applications::Events::EventProperty::to_string [0x00007FF7507ED10F+1303391]
Microsoft::Applications::Events::EventProperty::to_string [0x00007FF7507C33CF+1132063]
Microsoft::Applications::Events::EventProperty::to_string [0x00007FF7507C44DF+1136431]
Microsoft::Applications::Events::EventProperty::~EventProperty [0x00007FF75087C91D+14365]
Microsoft::Applications::Events::EventProperty::to_string [0x00007FF75082DD65+1568693]
Microsoft::Applications::Events::EventProperty::EventProperty [0x00007FF750A3AB59+2617]
Microsoft::Applications::Events::EventProperty::to_string [0x00007FF75082ED2E+1572734]
Microsoft::Applications::Events::EventProperty::EventProperty [0x00007FF750B0B898+60360]
Microsoft::Applications::Events::EventProperty::EventProperty [0x00007FF750B0B0F4+58404]
Microsoft::Applications::Events::EventProperty::EventProperty [0x00007FF750B0AF46+57974]
Microsoft::Applications::Events::EventProperty::EventProperty [0x00007FF750B3B63C+256364]
BaseThreadInitThunk [0x00007FFC7EE57034+20]
RtlUserThreadStart [0x00007FFC7EFE2651+33]

at org.openqa.selenium.remote.W3CHandshakeResponse.lambda$errorHandler$0(W3CHandshakeResponse.java:62)
at org.openqa.selenium.remote.HandshakeResponse.lambda$getResponseFunction$0(HandshakeResponse.java:30)
at org.openqa.selenium.remote.ProtocolHandshake.lambda$createSession$0(ProtocolHandshake.java:126)
at java.base/java.util.stream.ReferencePipeline$3$1.accept(ReferencePipeline.java:195)
at java.base/java.util.Spliterators$ArraySpliterator.tryAdvance(Spliterators.java:958)
at java.base/java.util.stream.ReferencePipeline.forEachWithCancel(ReferencePipeline.java:127)
at java.base/java.util.stream.AbstractPipeline.copyIntoWithCancel(AbstractPipeline.java:502)
at java.base/java.util.stream.AbstractPipeline.copyInto(AbstractPipeline.java:488)
at java.base/java.util.stream.AbstractPipeline.wrapAndCopyInto(AbstractPipeline.java:474)
at java.base/java.util.stream.FindOps$FindOp.evaluateSequential(FindOps.java:150)
at java.base/java.util.stream.AbstractPipeline.evaluate(AbstractPipeline.java:234)
at java.base/java.util.stream.ReferencePipeline.findFirst(ReferencePipeline.java:543)
at org.openqa.selenium.remote.ProtocolHandshake.createSession(ProtocolHandshake.java:128)
at org.openqa.selenium.remote.ProtocolHandshake.createSession(ProtocolHandshake.java:74)
at org.openqa.selenium.remote.HttpCommandExecutor.execute(HttpCommandExecutor.java:136)
at org.openqa.selenium.remote.service.DriverCommandExecutor.execute(DriverCommandExecutor.java:83)
at org.openqa.selenium.remote.RemoteWebDriver.execute(RemoteWebDriver.java:552)
at org.openqa.selenium.remote.RemoteWebDriver.startSession(RemoteWebDriver.java:213)
at org.openqa.selenium.remote.RemoteWebDriver.<init>(RemoteWebDriver.java:131)
at org.openqa.selenium.edge.EdgeDriver.<init>(EdgeDriver.java:141)
at org.openqa.selenium.edge.EdgeDriver.<init>(EdgeDriver.java:96)
at com.SeleniumProject.tests.BaseTest.chooseDriver(BaseTest.java:81)
at java.base/java.util.ArrayList.forEach(ArrayList.java:1541)
... Removed 35 stack frames]]>
    </failure>
  </testcase> <!-- @BeforeMethod chooseDriver -->
  <testcase classname="com.SeleniumProject.tests.BaseTest" name="@AfterMethod attachScreenshot" time="-1.643966880855E9">
    <skipped/>
  </testcase> <!-- @AfterMethod attachScreenshot -->
  <testcase classname="com.SeleniumProject.tests.AddToCartTest" name="addToCart" time="0.0">
    <skipped/>
  </testcase> <!-- addToCart -->
  <testcase classname="com.SeleniumProject.tests.BaseTest" name="@AfterSuite endReport" time="0.0">
    <ignored/>
  </testcase> <!-- @AfterSuite endReport -->
  <testcase classname="com.SeleniumProject.tests.BaseTest" name="@AfterSuite endReport" time="0.0">
    <ignored/>
  </testcase> <!-- @AfterSuite endReport -->
  <testcase classname="com.SeleniumProject.tests.BaseTest" name="@AfterSuite endReport" time="0.0">
    <ignored/>
  </testcase> <!-- @AfterSuite endReport -->
  <testcase classname="com.SeleniumProject.tests.BaseTest" name="@BeforeSuite setExtent" time="0.0">
    <ignored/>
  </testcase> <!-- @BeforeSuite setExtent -->
  <testcase classname="com.SeleniumProject.tests.BaseTest" name="@BeforeSuite setExtent" time="0.0">
    <ignored/>
  </testcase> <!-- @BeforeSuite setExtent -->
  <testcase classname="com.SeleniumProject.tests.BaseTest" name="@BeforeSuite setExtent" time="0.0">
    <ignored/>
  </testcase> <!-- @BeforeSuite setExtent -->
</testsuite> <!-- TestEdge -->
