<?xml version="1.0" encoding="UTF-8"?>
<testng-results total="1" passed="1" failed="0" skipped="0">
  <reporter-output>
  </reporter-output>
  <suite started-at="2021-12-22T17:25:01Z" name="Default suite" finished-at="2021-12-22T17:25:02Z" duration-ms="1058">
    <groups>
    </groups>
    <test started-at="2021-12-22T17:25:01Z" name="Default test" finished-at="2021-12-22T17:25:02Z" duration-ms="1058">
      <class name="RestApiDemo.MockTest">
        <test-method signature="testPayload()[pri:0, instance:RestApiDemo.MockTest@5117dd67]" started-at="2021-12-22T22:55:01Z" name="testPayload" finished-at="2021-12-22T22:55:02Z" duration-ms="1054" status="PASS">
          <reporter-output>
          </reporter-output>
        </test-method> <!-- testPayload -->
      </class> <!-- RestApiDemo.MockTest -->
    </test> <!-- Default test -->
  </suite> <!-- Default suite -->
</testng-results>
