<?xml version="1.0" encoding="UTF-8"?>
<testng-results ignored="0" total="1" passed="1" failed="0" skipped="0">
  <reporter-output>
  </reporter-output>
  <suite started-at="2021-11-10T06:12:13Z" name="Default suite" finished-at="2021-11-10T06:12:28Z" duration-ms="14500">
    <groups>
      <group name="cucumber">
        <method signature="AbstractTestNGCucumberTests.feature(cucumber.api.testng.CucumberFeatureWrapper)[pri:0, instance:Runner.TestRunner@1ab06251]" name="feature" class="cucumber.api.testng.AbstractTestNGCucumberTests"/>
      </group> <!-- cucumber -->
    </groups>
    <test started-at="2021-11-10T06:12:13Z" name="Default test" finished-at="2021-11-10T06:12:28Z" duration-ms="14500">
      <class name="Runner.TestRunner">
        <test-method is-config="true" signature="setUpClass()[pri:0, instance:Runner.TestRunner@1ab06251]" started-at="2021-11-10T11:42:13Z" name="setUpClass" finished-at="2021-11-10T11:42:13Z" duration-ms="122" status="PASS">
          <reporter-output>
          </reporter-output>
        </test-method> <!-- setUpClass -->
        <test-method signature="feature(cucumber.api.testng.CucumberFeatureWrapper)[pri:0, instance:Runner.TestRunner@1ab06251]" started-at="2021-11-10T11:42:13Z" name="feature" description="Runs Cucumber Feature" data-provider="features" finished-at="2021-11-10T11:42:28Z" duration-ms="14313" status="PASS">
          <params>
            <param index="0">
              <value>
                <![CDATA[Add Two Numbers]]>
              </value>
            </param>
          </params>
          <reporter-output>
          </reporter-output>
        </test-method> <!-- feature -->
        <test-method is-config="true" signature="tearDownClass()[pri:0, instance:Runner.TestRunner@1ab06251]" started-at="2021-11-10T11:42:28Z" name="tearDownClass" finished-at="2021-11-10T11:42:28Z" duration-ms="1" status="PASS">
          <reporter-output>
          </reporter-output>
        </test-method> <!-- tearDownClass -->
      </class> <!-- Runner.TestRunner -->
    </test> <!-- Default test -->
  </suite> <!-- Default suite -->
</testng-results>
